
Showing logs for build [32mcb-kubecd-environment-pr-187-17-7vxlk-1[0m stage [32mfrom-build-pack[0m and container [32mstep-credential-initializer-qhnnj[0m
{"level":"warn","ts":1584788415.8933125,"logger":"fallback-logger","caller":"logging/config.go:69","msg":"Fetch GitHub commit ID from kodata failed: \"ref: refs/heads/0.8.0-**-support-backwards-incompats\" is not a valid GitHub commit ID"}
{"level":"info","ts":1584788415.894041,"logger":"fallback-logger","caller":"creds-init/main.go:40","msg":"Credentials initialized."}

Showing logs for build [32mcb-kubecd-environment-pr-187-17-7vxlk-1[0m stage [32mfrom-build-pack[0m and container [32mstep-working-dir-initializer-8h956[0m
{"level":"warn","ts":1584788417.168114,"logger":"fallback-logger","caller":"logging/config.go:69","msg":"Fetch GitHub commit ID from kodata failed: open /var/run/ko/HEAD: no such file or directory"}
{"level":"info","ts":1584788417.1720266,"logger":"fallback-logger","caller":"bash/main.go:64","msg":"Successfully executed command \"sh -c mkdir -p /workspace/source\"; output "}

Showing logs for build [32mcb-kubecd-environment-pr-187-17-7vxlk-1[0m stage [32mfrom-build-pack[0m and container [32mstep-place-tools[0m

Showing logs for build [32mcb-kubecd-environment-pr-187-17-7vxlk-1[0m stage [32mfrom-build-pack[0m and container [32mstep-git-source-cb-kubecd-environment-pr-187-17-7vxlk-2h7n4[0m
{"level":"warn","ts":1584788420.1750343,"logger":"fallback-logger","caller":"logging/config.go:69","msg":"Fetch GitHub commit ID from kodata failed: \"ref: refs/heads/0.8.0-**-support-backwards-incompats\" is not a valid GitHub commit ID"}
{"level":"info","ts":1584788421.2669218,"logger":"fallback-logger","caller":"git/git.go:103","msg":"Successfully cloned https://github.com/cb-kubecd/environment-pr-187-17-boot-gke-staging.git @ master in path /workspace/source"}

Showing logs for build [32mcb-kubecd-environment-pr-187-17-7vxlk-1[0m stage [32mfrom-build-pack[0m and container [32mstep-git-merge[0m
Using SHAs from PULL_REFS=master:b888e3547711f3d09e6cd6433452819a03c91cbf,3:aeca73c449f3659016d9823398c32a7bce8f79ac
DEBUG: LC_ALL=C JX_LOG_LEVEL=error git fetch origin --unshallow aeca73c449f3659016d9823398c32a7bce8f79ac: b888e3547711f3d09e6cd6433452819a03c91cbf:
DEBUG: ran git fetch --unshallow origin aeca73c449f3659016d9823398c32a7bce8f79ac: b888e3547711f3d09e6cd6433452819a03c91cbf: in 
DEBUG: LC_ALL=C JX_LOG_LEVEL=error git branch
DEBUG: LC_ALL=C JX_LOG_LEVEL=error git checkout master
DEBUG: ran git checkout master in 
DEBUG: JX_LOG_LEVEL=error LC_ALL=C git reset --hard b888e3547711f3d09e6cd6433452819a03c91cbf
DEBUG: ran git reset --hard b888e3547711f3d09e6cd6433452819a03c91cbf in 
DEBUG: LC_ALL=C JX_LOG_LEVEL=error git clean -fd .
DEBUG: ran clean --force -d . in 
DEBUG: LC_ALL=C JX_LOG_LEVEL=error git merge aeca73c449f3659016d9823398c32a7bce8f79ac
DEBUG: ran git merge aeca73c449f3659016d9823398c32a7bce8f79ac in 
DEBUG: JX_LOG_LEVEL=error LC_ALL=C git log --format=%H%x1f%an%x1f%ae%x1f%cn%x1f%ce%x1f%s%n%b%x1e b888e3547711f3d09e6cd6433452819a03c91cbf..HEAD
Merged SHA aeca73c449f3659016d9823398c32a7bce8f79ac with commit message 'chore: Promote bdd-nh-1584787276 to version 0.0.1' into base branch master

Showing logs for build [32mcb-kubecd-environment-pr-187-17-7vxlk-1[0m stage [32mfrom-build-pack[0m and container [32mstep-build-helm-build[0m
WARNING: No $CHART_REPOSITORY defined so using the default value of: http://jenkins-x-chartmuseum:8080
Adding missing Helm repo: storage.googleapis.com https://storage.googleapis.com/chartmuseum.jenkins-x.io
WARNING: No secrets found on "helm/repos" due: reading the secret "helm/repos" from vault: no secret "helm/repos" not found in vault
Read credentials for https://storage.googleapis.com/chartmuseum.jenkins-x.io from vault helm/repos
Successfully added Helm repository storage.googleapis.com.
Adding missing Helm repo: jenkins-x-chartmuseum http://jenkins-x-chartmuseum:8080
WARNING: No secrets found on "helm/repos" due: reading the secret "helm/repos" from vault: no secret "helm/repos" not found in vault
Read credentials for http://jenkins-x-chartmuseum:8080 from vault helm/repos
Successfully added Helm repository jenkins-x-chartmuseum.
WARNING: No $CHART_REPOSITORY defined so using the default value of: http://jenkins-x-chartmuseum:8080
Adding missing Helm repo: chartmuseum.jenkins-x.io http://chartmuseum.jenkins-x.io
WARNING: No secrets found on "helm/repos" due: reading the secret "helm/repos" from vault: no secret "helm/repos" not found in vault
Read credentials for http://chartmuseum.jenkins-x.io from vault helm/repos
Successfully added Helm repository chartmuseum.jenkins-x.io.
