
Showing logs for build [32mcb-kubecd-environment-pr-187-17-j2999-1[0m stage [32mfrom-build-pack[0m and container [32mstep-credential-initializer-kj69v[0m
{"level":"warn","ts":1584791311.663257,"logger":"fallback-logger","caller":"logging/config.go:69","msg":"Fetch GitHub commit ID from kodata failed: \"ref: refs/heads/0.8.0-**-support-backwards-incompats\" is not a valid GitHub commit ID"}
{"level":"info","ts":1584791311.6640735,"logger":"fallback-logger","caller":"creds-init/main.go:40","msg":"Credentials initialized."}

Showing logs for build [32mcb-kubecd-environment-pr-187-17-j2999-1[0m stage [32mfrom-build-pack[0m and container [32mstep-working-dir-initializer-vg5t4[0m
{"level":"warn","ts":1584791312.7646592,"logger":"fallback-logger","caller":"logging/config.go:69","msg":"Fetch GitHub commit ID from kodata failed: open /var/run/ko/HEAD: no such file or directory"}
{"level":"info","ts":1584791312.7887673,"logger":"fallback-logger","caller":"bash/main.go:64","msg":"Successfully executed command \"sh -c mkdir -p /workspace/source\"; output "}

Showing logs for build [32mcb-kubecd-environment-pr-187-17-j2999-1[0m stage [32mfrom-build-pack[0m and container [32mstep-place-tools[0m

Showing logs for build [32mcb-kubecd-environment-pr-187-17-j2999-1[0m stage [32mfrom-build-pack[0m and container [32mstep-git-source-cb-kubecd-environment-pr-187-17-j2999-bx5ws[0m
{"level":"warn","ts":1584791317.985398,"logger":"fallback-logger","caller":"logging/config.go:69","msg":"Fetch GitHub commit ID from kodata failed: \"ref: refs/heads/0.8.0-**-support-backwards-incompats\" is not a valid GitHub commit ID"}
{"level":"info","ts":1584791319.0011744,"logger":"fallback-logger","caller":"git/git.go:103","msg":"Successfully cloned https://github.com/cb-kubecd/environment-pr-187-17-boot-gke-staging.git @ master in path /workspace/source"}

Showing logs for build [32mcb-kubecd-environment-pr-187-17-j2999-1[0m stage [32mfrom-build-pack[0m and container [32mstep-git-merge[0m
Using SHAs from PULL_REFS=master:c0a03f5f84c9589462fde49176c2c7048868d4ea,8:5ce753dc6c73c33ff42218e4a54021ac8364a3a4
DEBUG: LC_ALL=C JX_LOG_LEVEL=error git fetch origin --unshallow 5ce753dc6c73c33ff42218e4a54021ac8364a3a4: c0a03f5f84c9589462fde49176c2c7048868d4ea:
DEBUG: ran git fetch --unshallow origin 5ce753dc6c73c33ff42218e4a54021ac8364a3a4: c0a03f5f84c9589462fde49176c2c7048868d4ea: in 
DEBUG: LC_ALL=C JX_LOG_LEVEL=error git branch
DEBUG: LC_ALL=C JX_LOG_LEVEL=error git checkout master
DEBUG: ran git checkout master in 
DEBUG: LC_ALL=C JX_LOG_LEVEL=error git reset --hard c0a03f5f84c9589462fde49176c2c7048868d4ea
DEBUG: ran git reset --hard c0a03f5f84c9589462fde49176c2c7048868d4ea in 
DEBUG: LC_ALL=C JX_LOG_LEVEL=error git clean -fd .
DEBUG: ran clean --force -d . in 
DEBUG: LC_ALL=C JX_LOG_LEVEL=error git merge 5ce753dc6c73c33ff42218e4a54021ac8364a3a4
DEBUG: ran git merge 5ce753dc6c73c33ff42218e4a54021ac8364a3a4 in 
DEBUG: LC_ALL=C JX_LOG_LEVEL=error git log --format=%H%x1f%an%x1f%ae%x1f%cn%x1f%ce%x1f%s%n%b%x1e c0a03f5f84c9589462fde49176c2c7048868d4ea..HEAD
Merged SHA 5ce753dc6c73c33ff42218e4a54021ac8364a3a4 with commit message 'chore: Promote bdd-nh-import-1584789628 to version 0.0.1' into base branch master

Showing logs for build [32mcb-kubecd-environment-pr-187-17-j2999-1[0m stage [32mfrom-build-pack[0m and container [32mstep-build-helm-build[0m
WARNING: No $CHART_REPOSITORY defined so using the default value of: http://jenkins-x-chartmuseum:8080
Adding missing Helm repo: storage.googleapis.com https://storage.googleapis.com/chartmuseum.jenkins-x.io
WARNING: No secrets found on "helm/repos" due: reading the secret "helm/repos" from vault: no secret "helm/repos" not found in vault
Read credentials for https://storage.googleapis.com/chartmuseum.jenkins-x.io from vault helm/repos
Successfully added Helm repository storage.googleapis.com.
Adding missing Helm repo: jenkins-x-chartmuseum http://jenkins-x-chartmuseum:8080
WARNING: No secrets found on "helm/repos" due: reading the secret "helm/repos" from vault: no secret "helm/repos" not found in vault
Read credentials for http://jenkins-x-chartmuseum:8080 from vault helm/repos
Successfully added Helm repository jenkins-x-chartmuseum.
WARNING: No $CHART_REPOSITORY defined so using the default value of: http://jenkins-x-chartmuseum:8080
Adding missing Helm repo: chartmuseum.jenkins-x.io http://chartmuseum.jenkins-x.io
WARNING: No secrets found on "helm/repos" due: reading the secret "helm/repos" from vault: no secret "helm/repos" not found in vault
Read credentials for http://chartmuseum.jenkins-x.io from vault helm/repos
Successfully added Helm repository chartmuseum.jenkins-x.io.
